This is XeTeX, Version 3.141592653-2.6-0.999994 (TeX Live 2022) (preloaded format=xelatex 2022.8.9)  25 AUG 2022 13:45
entering extended mode
 restricted \write18 enabled.
 %&-line parsing enabled.
**C:/R_test/growth/Report_x-density/FluorescenceReport_20220825_134504.tex
(c:/R_test/growth/Report_x-density/FluorescenceReport_20220825_134504.tex
LaTeX2e <2022-06-01> patch level 5
L3 programming layer <2022-08-05> (c:/Users/nicwir/AppData/Roaming/TinyTeX/texmf-dist/tex/latex/base/article.cls
Document Class: article 2021/10/04 v1.4n Standard LaTeX document class
(c:/Users/nicwir/AppData/Roaming/TinyTeX/texmf-dist/tex/latex/base/size10.clo
File: size10.clo 2021/10/04 v1.4n Standard LaTeX file (size option)
)
\c@part=\count181
\c@section=\count182
\c@subsection=\count183
\c@subsubsection=\count184
\c@paragraph=\count185
\c@subparagraph=\count186
\c@figure=\count187
\c@table=\count188
\abovecaptionskip=\skip47
\belowcaptionskip=\skip48
\bibindent=\dimen138
) (c:/Users/nicwir/AppData/Roaming/TinyTeX/texmf-dist/tex/latex/amsmath/amsmath.sty
Package: amsmath 2022/04/08 v2.17n AMS math features
\@mathmargin=\skip49
For additional information on amsmath, use the `?' option.
(c:/Users/nicwir/AppData/Roaming/TinyTeX/texmf-dist/tex/latex/amsmath/amstext.sty
Package: amstext 2021/08/26 v2.01 AMS text
(c:/Users/nicwir/AppData/Roaming/TinyTeX/texmf-dist/tex/latex/amsmath/amsgen.sty
File: amsgen.sty 1999/11/30 v2.0 generic functions
\@emptytoks=\toks16
\ex@=\dimen139
)) (c:/Users/nicwir/AppData/Roaming/TinyTeX/texmf-dist/tex/latex/amsmath/amsbsy.sty
Package: amsbsy 1999/11/29 v1.2d Bold Symbols
\pmbraise@=\dimen140
) (c:/Users/nicwir/AppData/Roaming/TinyTeX/texmf-dist/tex/latex/amsmath/amsopn.sty
Package: amsopn 2022/04/08 v2.04 operator names
)
\inf@bad=\count189
LaTeX Info: Redefining \frac on input line 234.
\uproot@=\count190
\leftroot@=\count191
LaTeX Info: Redefining \overline on input line 399.
LaTeX Info: Redefining \colon on input line 410.
\classnum@=\count192
\DOTSCASE@=\count193
LaTeX Info: Redefining \ldots on input line 496.
LaTeX Info: Redefining \dots on input line 499.
LaTeX Info: Redefining \cdots on input line 620.
\Mathstrutbox@=\box51
\strutbox@=\box52
LaTeX Info: Redefining \big on input line 722.
LaTeX Info: Redefining \Big on input line 723.
LaTeX Info: Redefining \bigg on input line 724.
LaTeX Info: Redefining \Bigg on input line 725.
\big@size=\dimen141
LaTeX Font Info:    Redeclaring font encoding OML on input line 743.
LaTeX Font Info:    Redeclaring font encoding OMS on input line 744.
\macc@depth=\count194
LaTeX Info: Redefining \bmod on input line 905.
LaTeX Info: Redefining \pmod on input line 910.
LaTeX Info: Redefining \smash on input line 940.
LaTeX Info: Redefining \relbar on input line 970.
LaTeX Info: Redefining \Relbar on input line 971.
\c@MaxMatrixCols=\count195
\dotsspace@=\muskip16
\c@parentequation=\count196
\dspbrk@lvl=\count197
\tag@help=\toks17
\row@=\count198
\column@=\count199
\maxfields@=\count266
\andhelp@=\toks18
\eqnshift@=\dimen142
\alignsep@=\dimen143
\tagshift@=\dimen144
\tagwidth@=\dimen145
\totwidth@=\dimen146
\lineht@=\dimen147
\@envbody=\toks19
\multlinegap=\skip50
\multlinetaggap=\skip51
\mathdisplay@stack=\toks20
LaTeX Info: Redefining \[ on input line 2953.
LaTeX Info: Redefining \] on input line 2954.
) (c:/Users/nicwir/AppData/Roaming/TinyTeX/texmf-dist/tex/latex/amsfonts/amssymb.sty
Package: amssymb 2013/01/14 v3.01 AMS font symbols
(c:/Users/nicwir/AppData/Roaming/TinyTeX/texmf-dist/tex/latex/amsfonts/amsfonts.sty
Package: amsfonts 2013/01/14 v3.01 Basic AMSFonts support
\symAMSa=\mathgroup4
\symAMSb=\mathgroup5
LaTeX Font Info:    Redeclaring math symbol \hbar on input line 98.
LaTeX Font Info:    Overwriting math alphabet `\mathfrak' in version `bold'
(Font)                  U/euf/m/n --> U/euf/b/n on input line 106.
)) (c:/Users/nicwir/AppData/Roaming/TinyTeX/texmf-dist/tex/latex/lm/lmodern.sty
Package: lmodern 2015/05/01 v1.6.1 Latin Modern Fonts
LaTeX Font Info:    Overwriting symbol font `operators' in version `normal'
(Font)                  OT1/cmr/m/n --> OT1/lmr/m/n on input line 22.
LaTeX Font Info:    Overwriting symbol font `letters' in version `normal'
(Font)                  OML/cmm/m/it --> OML/lmm/m/it on input line 23.
LaTeX Font Info:    Overwriting symbol font `symbols' in version `normal'
(Font)                  OMS/cmsy/m/n --> OMS/lmsy/m/n on input line 24.
LaTeX Font Info:    Overwriting symbol font `largesymbols' in version `normal'
(Font)                  OMX/cmex/m/n --> OMX/lmex/m/n on input line 25.
LaTeX Font Info:    Overwriting symbol font `operators' in version `bold'
(Font)                  OT1/cmr/bx/n --> OT1/lmr/bx/n on input line 26.
LaTeX Font Info:    Overwriting symbol font `letters' in version `bold'
(Font)                  OML/cmm/b/it --> OML/lmm/b/it on input line 27.
LaTeX Font Info:    Overwriting symbol font `symbols' in version `bold'
(Font)                  OMS/cmsy/b/n --> OMS/lmsy/b/n on input line 28.
LaTeX Font Info:    Overwriting symbol font `largesymbols' in version `bold'
(Font)                  OMX/cmex/m/n --> OMX/lmex/m/n on input line 29.
LaTeX Font Info:    Overwriting math alphabet `\mathbf' in version `normal'
(Font)                  OT1/cmr/bx/n --> OT1/lmr/bx/n on input line 31.
LaTeX Font Info:    Overwriting math alphabet `\mathsf' in version `normal'
(Font)                  OT1/cmss/m/n --> OT1/lmss/m/n on input line 32.
LaTeX Font Info:    Overwriting math alphabet `\mathit' in version `normal'
(Font)                  OT1/cmr/m/it --> OT1/lmr/m/it on input line 33.
LaTeX Font Info:    Overwriting math alphabet `\mathtt' in version `normal'
(Font)                  OT1/cmtt/m/n --> OT1/lmtt/m/n on input line 34.
LaTeX Font Info:    Overwriting math alphabet `\mathbf' in version `bold'
(Font)                  OT1/cmr/bx/n --> OT1/lmr/bx/n on input line 35.
LaTeX Font Info:    Overwriting math alphabet `\mathsf' in version `bold'
(Font)                  OT1/cmss/bx/n --> OT1/lmss/bx/n on input line 36.
LaTeX Font Info:    Overwriting math alphabet `\mathit' in version `bold'
(Font)                  OT1/cmr/bx/it --> OT1/lmr/bx/it on input line 37.
LaTeX Font Info:    Overwriting math alphabet `\mathtt' in version `bold'
(Font)                  OT1/cmtt/m/n --> OT1/lmtt/m/n on input line 38.
) (c:/Users/nicwir/AppData/Roaming/TinyTeX/texmf-dist/tex/generic/iftex/iftex.sty
Package: iftex 2022/02/03 v1.0f TeX engine tests
) (c:/Users/nicwir/AppData/Roaming/TinyTeX/texmf-dist/tex/latex/unicode-math/unicode-math.sty (c:/Users/nicwir/AppData/Roaming/TinyTeX/texmf-dist/tex/latex/l3kernel/expl3.sty
Package: expl3 2022-08-05 L3 programming layer (loader) 
(c:/Users/nicwir/AppData/Roaming/TinyTeX/texmf-dist/tex/latex/l3backend/l3backend-xetex.def
File: l3backend-xetex.def 2022-08-05 L3 backend support: XeTeX
\g__graphics_track_int=\count267
\l__pdf_internal_box=\box53
\g__pdf_backend_object_int=\count268
\g__pdf_backend_annotation_int=\count269
\g__pdf_backend_link_int=\count270
))
Package: unicode-math 2020/01/31 v0.8q Unicode maths in XeLaTeX and LuaLaTeX
(c:/Users/nicwir/AppData/Roaming/TinyTeX/texmf-dist/tex/latex/unicode-math/unicode-math-xetex.sty
Package: unicode-math-xetex 2020/01/31 v0.8q Unicode maths in XeLaTeX and LuaLaTeX
(c:/Users/nicwir/AppData/Roaming/TinyTeX/texmf-dist/tex/latex/l3packages/xparse/xparse.sty
Package: xparse 2022-06-22 L3 Experimental document command parser
) (c:/Users/nicwir/AppData/Roaming/TinyTeX/texmf-dist/tex/latex/l3packages/l3keys2e/l3keys2e.sty
Package: l3keys2e 2022-06-22 LaTeX2e option processing using LaTeX3 keys
) (c:/Users/nicwir/AppData/Roaming/TinyTeX/texmf-dist/tex/latex/fontspec/fontspec.sty
Package: fontspec 2022/01/15 v2.8a Font selection for XeLaTeX and LuaLaTeX
(c:/Users/nicwir/AppData/Roaming/TinyTeX/texmf-dist/tex/latex/fontspec/fontspec-xetex.sty
Package: fontspec-xetex 2022/01/15 v2.8a Font selection for XeLaTeX and LuaLaTeX
\l__fontspec_script_int=\count271
\l__fontspec_language_int=\count272
\l__fontspec_strnum_int=\count273
\l__fontspec_tmp_int=\count274
\l__fontspec_tmpa_int=\count275
\l__fontspec_tmpb_int=\count276
\l__fontspec_tmpc_int=\count277
\l__fontspec_em_int=\count278
\l__fontspec_emdef_int=\count279
\l__fontspec_strong_int=\count280
\l__fontspec_strongdef_int=\count281
\l__fontspec_tmpa_dim=\dimen148
\l__fontspec_tmpb_dim=\dimen149
\l__fontspec_tmpc_dim=\dimen150
(c:/Users/nicwir/AppData/Roaming/TinyTeX/texmf-dist/tex/latex/base/fontenc.sty
Package: fontenc 2021/04/29 v2.0v Standard LaTeX package
) (c:/Users/nicwir/AppData/Roaming/TinyTeX/texmf-dist/tex/latex/fontspec/fontspec.cfg))) (c:/Users/nicwir/AppData/Roaming/TinyTeX/texmf-dist/tex/latex/base/fix-cm.sty
Package: fix-cm 2020/11/24 v1.1t fixes to LaTeX
(c:/Users/nicwir/AppData/Roaming/TinyTeX/texmf-dist/tex/latex/base/ts1enc.def
File: ts1enc.def 2001/06/05 v3.0e (jk/car/fm) Standard LaTeX file
LaTeX Font Info:    Redeclaring font encoding TS1 on input line 47.
))
\g__um_fam_int=\count282
\g__um_fonts_used_int=\count283
\l__um_primecount_int=\count284
\g__um_primekern_muskip=\muskip17
(c:/Users/nicwir/AppData/Roaming/TinyTeX/texmf-dist/tex/latex/unicode-math/unicode-math-table.tex)))

Package fontspec Info: Arial scale = 0.8311533923217035.


Package fontspec Info: Arial scale = 0.8311533923217035.


Package fontspec Info: Arial scale = 0.8311533923217035.


Package fontspec Info: Arial/B scale = 0.8311533923217035.


Package fontspec Info: Arial/B scale = 0.8311533923217035.


Package fontspec Info: Arial/I scale = 0.8311533923217035.


Package fontspec Info: Arial/I scale = 0.8311533923217035.


Package fontspec Info: Arial/BI scale = 0.8311533923217035.


Package fontspec Info: Arial/BI scale = 0.8311533923217035.


Package fontspec Info: Font family 'Arial(0)' created for font 'Arial' with
(fontspec)             options [Scale=MatchLowercase,Ligatures=TeX,Scale=1].
(fontspec)              
(fontspec)              This font family consists of the following NFSS
(fontspec)             series/shapes:
(fontspec)              
(fontspec)             - 'normal' (m/n) with NFSS spec.:
(fontspec)             <->s*[1]"Arial/OT:script=latn;language=dflt;mapping=tex-text;"
(fontspec)             - 'small caps'  (m/sc) with NFSS spec.:
(fontspec)             <->s*[1]"Arial/OT:script=latn;language=dflt;+smcp;mapping=tex-text;"
(fontspec)             - 'bold' (b/n) with NFSS spec.:
(fontspec)             <->s*[1]"Arial/B/OT:script=latn;language=dflt;mapping=tex-text;"
(fontspec)             - 'bold small caps'  (b/sc) with NFSS spec.:
(fontspec)             <->s*[1]"Arial/B/OT:script=latn;language=dflt;+smcp;mapping=tex-text;"
(fontspec)             - 'italic' (m/it) with NFSS spec.:
(fontspec)             <->s*[1]"Arial/I/OT:script=latn;language=dflt;mapping=tex-text;"
(fontspec)             - 'italic small caps'  (m/scit) with NFSS spec.:
(fontspec)             <->s*[1]"Arial/I/OT:script=latn;language=dflt;+smcp;mapping=tex-text;"
(fontspec)             - 'bold italic' (b/it) with NFSS spec.:
(fontspec)             <->s*[1]"Arial/BI/OT:script=latn;language=dflt;mapping=tex-text;"
(fontspec)             - 'bold italic small caps'  (b/scit) with NFSS spec.:
(fontspec)             <->s*[1]"Arial/BI/OT:script=latn;language=dflt;+smcp;mapping=tex-text;"

LaTeX Font Info:    Font shape `TU/Arial(0)/m/n' will be
(Font)              scaled to size 10.0pt on input line 20.

Package fontspec Info: Arial scale = 0.9999970574474535.


Package fontspec Info: Arial scale = 0.9999970574474535.


Package fontspec Info: Arial scale = 0.9999970574474535.


Package fontspec Info: Arial/B scale = 0.9999970574474535.


Package fontspec Info: Arial/B scale = 0.9999970574474535.


Package fontspec Info: Arial/I scale = 0.9999970574474535.


Package fontspec Info: Arial/I scale = 0.9999970574474535.


Package fontspec Info: Arial/BI scale = 0.9999970574474535.


Package fontspec Info: Arial/BI scale = 0.9999970574474535.


Package fontspec Info: Font family 'Arial(1)' created for font 'Arial' with
(fontspec)             options [Scale=MatchLowercase].
(fontspec)              
(fontspec)              This font family consists of the following NFSS
(fontspec)             series/shapes:
(fontspec)              
(fontspec)             - 'normal' (m/n) with NFSS spec.:
(fontspec)             <->s*[0.9999970574474535]"Arial/OT:script=latn;language=dflt;"
(fontspec)             - 'small caps'  (m/sc) with NFSS spec.:
(fontspec)             <->s*[0.9999970574474535]"Arial/OT:script=latn;language=dflt;+smcp;"
(fontspec)             - 'bold' (b/n) with NFSS spec.:
(fontspec)             <->s*[0.9999970574474535]"Arial/B/OT:script=latn;language=dflt;"
(fontspec)             - 'bold small caps'  (b/sc) with NFSS spec.:
(fontspec)             <->s*[0.9999970574474535]"Arial/B/OT:script=latn;language=dflt;+smcp;"
(fontspec)             - 'italic' (m/it) with NFSS spec.:
(fontspec)             <->s*[0.9999970574474535]"Arial/I/OT:script=latn;language=dflt;"
(fontspec)             - 'italic small caps'  (m/scit) with NFSS spec.:
(fontspec)             <->s*[0.9999970574474535]"Arial/I/OT:script=latn;language=dflt;+smcp;"
(fontspec)             - 'bold italic' (b/it) with NFSS spec.:
(fontspec)             <->s*[0.9999970574474535]"Arial/BI/OT:script=latn;language=dflt;"
(fontspec)             - 'bold italic small caps'  (b/scit) with NFSS spec.:
(fontspec)             <->s*[0.9999970574474535]"Arial/BI/OT:script=latn;language=dflt;+smcp;"

LaTeX Font Info:    Overwriting math alphabet `\mathrm' in version `normal'
(Font)                  OT1/lmr/m/n --> TU/Arial(1)/m/n on input line 20.
LaTeX Font Info:    Overwriting math alphabet `\mathit' in version `normal'
(Font)                  OT1/lmr/m/it --> TU/Arial(1)/m/it on input line 20.
LaTeX Font Info:    Overwriting math alphabet `\mathbf' in version `normal'
(Font)                  OT1/lmr/bx/n --> TU/Arial(1)/b/n on input line 20.
(c:/Users/nicwir/AppData/Roaming/TinyTeX/texmf-dist/tex/latex/xcolor/xcolor.sty
Package: xcolor 2022/06/12 v2.14 LaTeX color extensions (UK)
(c:/Users/nicwir/AppData/Roaming/TinyTeX/texmf-dist/tex/latex/graphics-cfg/color.cfg
File: color.cfg 2016/01/02 v1.6 sample color configuration
)
Package xcolor Info: Driver file: xetex.def on input line 227.
(c:/Users/nicwir/AppData/Roaming/TinyTeX/texmf-dist/tex/latex/graphics-def/xetex.def
File: xetex.def 2022/04/16 v5.0m Graphics/color driver for xetex
) (c:/Users/nicwir/AppData/Roaming/TinyTeX/texmf-dist/tex/latex/graphics/mathcolor.ltx)
Package xcolor Info: Model `cmy' substituted by `cmy0' on input line 1353.
Package xcolor Info: Model `RGB' extended on input line 1369.
Package xcolor Info: Model `HTML' substituted by `rgb' on input line 1371.
Package xcolor Info: Model `Hsb' substituted by `hsb' on input line 1372.
Package xcolor Info: Model `tHsb' substituted by `hsb' on input line 1373.
Package xcolor Info: Model `HSB' substituted by `hsb' on input line 1374.
Package xcolor Info: Model `Gray' substituted by `gray' on input line 1375.
Package xcolor Info: Model `wave' substituted by `hsb' on input line 1376.
(c:/Users/nicwir/AppData/Roaming/TinyTeX/texmf-dist/tex/latex/graphics/dvipsnam.def
File: dvipsnam.def 2016/06/17 v3.0m Driver-dependent file (DPC,SPQR)
) (c:/Users/nicwir/AppData/Roaming/TinyTeX/texmf-dist/tex/latex/xcolor/svgnam.def
File: svgnam.def 2022/06/12 v2.14 Predefined colors according to SVG 1.1 (UK)
) (c:/Users/nicwir/AppData/Roaming/TinyTeX/texmf-dist/tex/latex/xcolor/x11nam.def
File: x11nam.def 2022/06/12 v2.14 Predefined colors according to Unix/X11 (UK)
)) (c:/Users/nicwir/AppData/Roaming/TinyTeX/texmf-dist/tex/latex/geometry/geometry.sty
Package: geometry 2020/01/02 v5.9 Page Geometry
(c:/Users/nicwir/AppData/Roaming/TinyTeX/texmf-dist/tex/latex/graphics/keyval.sty
Package: keyval 2022/05/29 v1.15 key=value parser (DPC)
\KV@toks@=\toks21
) (c:/Users/nicwir/AppData/Roaming/TinyTeX/texmf-dist/tex/generic/iftex/ifvtex.sty
Package: ifvtex 2019/10/25 v1.7 ifvtex legacy package. Use iftex instead.
)
\Gm@cnth=\count285
\Gm@cntv=\count286
\c@Gm@tempcnt=\count287
\Gm@bindingoffset=\dimen151
\Gm@wd@mp=\dimen152
\Gm@odd@mp=\dimen153
\Gm@even@mp=\dimen154
\Gm@layoutwidth=\dimen155
\Gm@layoutheight=\dimen156
\Gm@layouthoffset=\dimen157
\Gm@layoutvoffset=\dimen158
\Gm@dimlist=\toks22
) (c:/Users/nicwir/AppData/Roaming/TinyTeX/texmf-dist/tex/latex/graphics/graphicx.sty
Package: graphicx 2021/09/16 v1.2d Enhanced LaTeX Graphics (DPC,SPQR)
(c:/Users/nicwir/AppData/Roaming/TinyTeX/texmf-dist/tex/latex/graphics/graphics.sty
Package: graphics 2022/03/10 v1.4e Standard LaTeX Graphics (DPC,SPQR)
(c:/Users/nicwir/AppData/Roaming/TinyTeX/texmf-dist/tex/latex/graphics/trig.sty
Package: trig 2021/08/11 v1.11 sin cos tan (DPC)
) (c:/Users/nicwir/AppData/Roaming/TinyTeX/texmf-dist/tex/latex/graphics-cfg/graphics.cfg
File: graphics.cfg 2016/06/04 v1.11 sample graphics configuration
)
Package graphics Info: Driver file: xetex.def on input line 107.
)
\Gin@req@height=\dimen159
\Gin@req@width=\dimen160
) (c:/Users/nicwir/AppData/Roaming/TinyTeX/texmf-dist/tex/latex/booktabs/booktabs.sty
Package: booktabs 2020/01/12 v1.61803398 Publication quality tables
\heavyrulewidth=\dimen161
\lightrulewidth=\dimen162
\cmidrulewidth=\dimen163
\belowrulesep=\dimen164
\belowbottomsep=\dimen165
\aboverulesep=\dimen166
\abovetopsep=\dimen167
\cmidrulesep=\dimen168
\cmidrulekern=\dimen169
\defaultaddspace=\dimen170
\@cmidla=\count288
\@cmidlb=\count289
\@aboverulesep=\dimen171
\@belowrulesep=\dimen172
\@thisruleclass=\count290
\@lastruleclass=\count291
\@thisrulewidth=\dimen173
) (c:/Users/nicwir/AppData/Roaming/TinyTeX/texmf-dist/tex/latex/makecell/makecell.sty
Package: makecell 2009/08/03 V0.1e Managing of Tab Column Heads and Cells
(c:/Users/nicwir/AppData/Roaming/TinyTeX/texmf-dist/tex/latex/tools/array.sty
Package: array 2022/03/10 v2.5f Tabular extension package (FMi)
\col@sep=\dimen174
\ar@mcellbox=\box54
\extrarowheight=\dimen175
\NC@list=\toks23
\extratabsurround=\skip52
\backup@length=\skip53
\ar@cellbox=\box55
)
\rotheadsize=\dimen176
\c@nlinenum=\count292
\TeXr@lab=\toks24
) (c:/Users/nicwir/AppData/Roaming/TinyTeX/texmf-dist/tex/latex/tools/longtable.sty
Package: longtable 2021-09-01 v4.17 Multi-page Table package (DPC)
\LTleft=\skip54
\LTright=\skip55
\LTpre=\skip56
\LTpost=\skip57
\LTchunksize=\count293
\LTcapwidth=\dimen177
\LT@head=\box56
\LT@firsthead=\box57
\LT@foot=\box58
\LT@lastfoot=\box59
\LT@gbox=\box60
\LT@cols=\count294
\LT@rows=\count295
\c@LT@tables=\count296
\c@LT@chunks=\count297
\LT@p@ftn=\toks25
) (c:/Users/nicwir/AppData/Roaming/TinyTeX/texmf-dist/tex/latex/colortbl/colortbl.sty
Package: colortbl 2022/06/20 v1.0f Color table columns (DPC)
\everycr=\toks26
\minrowclearance=\skip58
\rownum=\count298
) (c:/Users/nicwir/AppData/Roaming/TinyTeX/texmf-dist/tex/latex/hyperref/hyperref.sty
Package: hyperref 2022-06-20 v7.00s Hypertext links for LaTeX
(c:/Users/nicwir/AppData/Roaming/TinyTeX/texmf-dist/tex/generic/ltxcmds/ltxcmds.sty
Package: ltxcmds 2020-05-10 v1.25 LaTeX kernel commands for general use (HO)
) (c:/Users/nicwir/AppData/Roaming/TinyTeX/texmf-dist/tex/generic/pdftexcmds/pdftexcmds.sty
Package: pdftexcmds 2020-06-27 v0.33 Utility functions of pdfTeX for LuaTeX (HO)
(c:/Users/nicwir/AppData/Roaming/TinyTeX/texmf-dist/tex/generic/infwarerr/infwarerr.sty
Package: infwarerr 2019/12/03 v1.5 Providing info/warning/error messages (HO)
)
Package pdftexcmds Info: \pdf@primitive is available.
Package pdftexcmds Info: \pdf@ifprimitive is available.
Package pdftexcmds Info: \pdfdraftmode not found.
) (c:/Users/nicwir/AppData/Roaming/TinyTeX/texmf-dist/tex/generic/kvsetkeys/kvsetkeys.sty
Package: kvsetkeys 2019/12/15 v1.18 Key value parser (HO)
) (c:/Users/nicwir/AppData/Roaming/TinyTeX/texmf-dist/tex/generic/kvdefinekeys/kvdefinekeys.sty
Package: kvdefinekeys 2019-12-19 v1.6 Define keys (HO)
) (c:/Users/nicwir/AppData/Roaming/TinyTeX/texmf-dist/tex/generic/pdfescape/pdfescape.sty
Package: pdfescape 2019/12/09 v1.15 Implements pdfTeX's escape features (HO)
) (c:/Users/nicwir/AppData/Roaming/TinyTeX/texmf-dist/tex/latex/hycolor/hycolor.sty
Package: hycolor 2020-01-27 v1.10 Color options for hyperref/bookmark (HO)
) (c:/Users/nicwir/AppData/Roaming/TinyTeX/texmf-dist/tex/latex/letltxmacro/letltxmacro.sty
Package: letltxmacro 2019/12/03 v1.6 Let assignment for LaTeX macros (HO)
) (c:/Users/nicwir/AppData/Roaming/TinyTeX/texmf-dist/tex/latex/auxhook/auxhook.sty
Package: auxhook 2019-12-17 v1.6 Hooks for auxiliary files (HO)
) (c:/Users/nicwir/AppData/Roaming/TinyTeX/texmf-dist/tex/latex/hyperref/nameref.sty
Package: nameref 2022-05-17 v2.50 Cross-referencing by name of section
(c:/Users/nicwir/AppData/Roaming/TinyTeX/texmf-dist/tex/latex/refcount/refcount.sty
Package: refcount 2019/12/15 v3.6 Data extraction from label references (HO)
) (c:/Users/nicwir/AppData/Roaming/TinyTeX/texmf-dist/tex/generic/gettitlestring/gettitlestring.sty
Package: gettitlestring 2019/12/15 v1.6 Cleanup title references (HO)
(c:/Users/nicwir/AppData/Roaming/TinyTeX/texmf-dist/tex/latex/kvoptions/kvoptions.sty
Package: kvoptions 2022-06-15 v3.15 Key value format for package options (HO)
))
\c@section@level=\count299
)
\@linkdim=\dimen178
\Hy@linkcounter=\count300
\Hy@pagecounter=\count301
(c:/Users/nicwir/AppData/Roaming/TinyTeX/texmf-dist/tex/latex/hyperref/pd1enc.def
File: pd1enc.def 2022-06-20 v7.00s Hyperref: PDFDocEncoding definition (HO)
) (c:/Users/nicwir/AppData/Roaming/TinyTeX/texmf-dist/tex/generic/intcalc/intcalc.sty
Package: intcalc 2019/12/15 v1.3 Expandable calculations with integers (HO)
) (c:/Users/nicwir/AppData/Roaming/TinyTeX/texmf-dist/tex/generic/etexcmds/etexcmds.sty
Package: etexcmds 2019/12/15 v1.7 Avoid name clashes with e-TeX commands (HO)
)
\Hy@SavedSpaceFactor=\count302
(c:/Users/nicwir/AppData/Roaming/TinyTeX/texmf-dist/tex/latex/hyperref/puenc.def
File: puenc.def 2022-06-20 v7.00s Hyperref: PDF Unicode definition (HO)
)
Package hyperref Info: Option `unicode' set `true' on input line 4045.
Package hyperref Info: Hyper figures OFF on input line 4162.
Package hyperref Info: Link nesting OFF on input line 4167.
Package hyperref Info: Hyper index ON on input line 4170.
Package hyperref Info: Plain pages OFF on input line 4177.
Package hyperref Info: Backreferencing OFF on input line 4182.
Package hyperref Info: Implicit mode ON; LaTeX internals redefined.
Package hyperref Info: Bookmarks ON on input line 4408.
\c@Hy@tempcnt=\count303
(c:/Users/nicwir/AppData/Roaming/TinyTeX/texmf-dist/tex/latex/url/url.sty
\Urlmuskip=\muskip18
Package: url 2013/09/16  ver 3.4  Verb mode for urls, etc.
)
LaTeX Info: Redefining \url on input line 4746.
\XeTeXLinkMargin=\dimen179
(c:/Users/nicwir/AppData/Roaming/TinyTeX/texmf-dist/tex/generic/bitset/bitset.sty
Package: bitset 2019/12/09 v1.3 Handle bit-vector datatype (HO)
(c:/Users/nicwir/AppData/Roaming/TinyTeX/texmf-dist/tex/generic/bigintcalc/bigintcalc.sty
Package: bigintcalc 2019/12/15 v1.5 Expandable calculations on big integers (HO)
))
\Fld@menulength=\count304
\Field@Width=\dimen180
\Fld@charsize=\dimen181
Package hyperref Info: Hyper figures OFF on input line 6024.
Package hyperref Info: Link nesting OFF on input line 6029.
Package hyperref Info: Hyper index ON on input line 6032.
Package hyperref Info: backreferencing OFF on input line 6039.
Package hyperref Info: Link coloring OFF on input line 6044.
Package hyperref Info: Link coloring with OCG OFF on input line 6049.
Package hyperref Info: PDF/A mode OFF on input line 6054.
(c:/Users/nicwir/AppData/Roaming/TinyTeX/texmf-dist/tex/latex/base/atbegshi-ltx.sty
Package: atbegshi-ltx 2021/01/10 v1.0c Emulation of the original atbegshi
package with kernel methods
)
\Hy@abspage=\count305
\c@Item=\count306
\c@Hfootnote=\count307
)
Package hyperref Info: Driver (autodetected): hxetex.
(c:/Users/nicwir/AppData/Roaming/TinyTeX/texmf-dist/tex/latex/hyperref/hxetex.def
File: hxetex.def 2022-06-20 v7.00s Hyperref driver for XeTeX
(c:/Users/nicwir/AppData/Roaming/TinyTeX/texmf-dist/tex/generic/stringenc/stringenc.sty
Package: stringenc 2019/11/29 v1.12 Convert strings between diff. encodings (HO)
)
\pdfm@box=\box61
\c@Hy@AnnotLevel=\count308
\HyField@AnnotCount=\count309
\Fld@listcount=\count310
\c@bookmark@seq@number=\count311
(c:/Users/nicwir/AppData/Roaming/TinyTeX/texmf-dist/tex/latex/rerunfilecheck/rerunfilecheck.sty
Package: rerunfilecheck 2022-07-10 v1.10 Rerun checks for auxiliary files (HO)
(c:/Users/nicwir/AppData/Roaming/TinyTeX/texmf-dist/tex/latex/base/atveryend-ltx.sty
Package: atveryend-ltx 2020/08/19 v1.0a Emulation of the original atveryend package
with kernel methods
) (c:/Users/nicwir/AppData/Roaming/TinyTeX/texmf-dist/tex/generic/uniquecounter/uniquecounter.sty
Package: uniquecounter 2019/12/15 v1.4 Provide unlimited unique counter (HO)
)
Package uniquecounter Info: New unique counter `rerunfilecheck' on input line 285.
)
\Hy@SectionHShift=\skip59
)
Package hyperref Info: Option `colorlinks' set `true' on input line 73.
No file FluorescenceReport_20220825_134504.aux.
\openout1 = `FluorescenceReport_20220825_134504.aux'.

LaTeX Font Info:    Checking defaults for OML/cmm/m/it on input line 79.
LaTeX Font Info:    ... okay on input line 79.
LaTeX Font Info:    Checking defaults for OMS/cmsy/m/n on input line 79.
LaTeX Font Info:    ... okay on input line 79.
LaTeX Font Info:    Checking defaults for OT1/cmr/m/n on input line 79.
LaTeX Font Info:    ... okay on input line 79.
LaTeX Font Info:    Checking defaults for T1/cmr/m/n on input line 79.
LaTeX Font Info:    ... okay on input line 79.
LaTeX Font Info:    Checking defaults for TS1/cmr/m/n on input line 79.
LaTeX Font Info:    ... okay on input line 79.
LaTeX Font Info:    Checking defaults for TU/lmr/m/n on input line 79.
LaTeX Font Info:    ... okay on input line 79.
LaTeX Font Info:    Checking defaults for OMX/cmex/m/n on input line 79.
LaTeX Font Info:    ... okay on input line 79.
LaTeX Font Info:    Checking defaults for U/cmr/m/n on input line 79.
LaTeX Font Info:    ... okay on input line 79.
LaTeX Font Info:    Checking defaults for PD1/pdf/m/n on input line 79.
LaTeX Font Info:    ... okay on input line 79.
LaTeX Font Info:    Checking defaults for PU/pdf/m/n on input line 79.
LaTeX Font Info:    ... okay on input line 79.
LaTeX Font Info:    Overwriting math alphabet `\mathsf' in version `normal'
(Font)                  OT1/lmss/m/n --> TU/lmss/m/n on input line 79.
LaTeX Font Info:    Overwriting math alphabet `\mathsf' in version `bold'
(Font)                  OT1/lmss/bx/n --> TU/lmss/b/n on input line 79.
LaTeX Font Info:    Overwriting math alphabet `\mathtt' in version `normal'
(Font)                  OT1/lmtt/m/n --> TU/lmtt/m/n on input line 79.
LaTeX Font Info:    Overwriting math alphabet `\mathtt' in version `bold'
(Font)                  OT1/lmtt/m/n --> TU/lmtt/b/n on input line 79.

Package fontspec Info: latinmodern-math scale = 1.203139548468638.


Package fontspec Info: latinmodern-math scale = 1.203139548468638.


Package fontspec Info: latinmodern-math scale = 1.203139548468638.


Package fontspec Info: Font family 'latinmodern-math.otf(0)' created for font
(fontspec)             'latinmodern-math.otf' with options
(fontspec)             [Scale=MatchLowercase,BoldItalicFont={},ItalicFont={},SmallCapsFont={},Script=Math,BoldFont={latinmodern-math.otf}].
(fontspec)              
(fontspec)              This font family consists of the following NFSS
(fontspec)             series/shapes:
(fontspec)              
(fontspec)             - 'normal' (m/n) with NFSS spec.:
(fontspec)             <->s*[1.203139548468638]"[latinmodern-math.otf]/OT:script=math;language=dflt;"
(fontspec)             - 'small caps'  (m/sc) with NFSS spec.: 
(fontspec)             - 'bold' (b/n) with NFSS spec.:
(fontspec)             <->s*[1.203139548468638]"[latinmodern-math.otf]/OT:script=math;language=dflt;"
(fontspec)             - 'bold small caps'  (b/sc) with NFSS spec.: 

LaTeX Font Info:    Font shape `TU/latinmodern-math.otf(0)/m/n' will be
(Font)              scaled to size 12.0314pt on input line 79.

Package fontspec Info: latinmodern-math scale = 1.203139548468638.


Package fontspec Info: latinmodern-math scale = 1.203139548468638.


Package fontspec Info: latinmodern-math scale = 1.203139548468638.


Package fontspec Info: latinmodern-math scale = 1.203139548468638.


Package fontspec Info: latinmodern-math scale = 1.203139548468638.


Package fontspec Info: Font family 'latinmodern-math.otf(1)' created for font
(fontspec)             'latinmodern-math.otf' with options
(fontspec)             [Scale=MatchLowercase,BoldItalicFont={},ItalicFont={},SmallCapsFont={},Script=Math,SizeFeatures={{Size=8.5-},{Size=6-8.5,Font=latinmodern-math.otf,Style=MathScript},{Size=-6,Font=latinmodern-math.otf,Style=MathScriptScript}},BoldFont={latinmodern-math.otf}].
(fontspec)              
(fontspec)              This font family consists of the following NFSS
(fontspec)             series/shapes:
(fontspec)              
(fontspec)             - 'normal' (m/n) with NFSS spec.:
(fontspec)             <8.5->s*[1.203139548468638]"[latinmodern-math.otf]/OT:script=math;language=dflt;"<6-8.5>s*[1.203139548468638]"[latinmodern-math.otf]/OT:script=math;language=dflt;+ssty=0;"<-6>s*[1.203139548468638]"[latinmodern-math.otf]/OT:script=math;language=dflt;+ssty=1;"
(fontspec)             - 'small caps'  (m/sc) with NFSS spec.: 
(fontspec)             - 'bold' (b/n) with NFSS spec.:
(fontspec)             <->s*[1.203139548468638]"[latinmodern-math.otf]/OT:script=math;language=dflt;"
(fontspec)             - 'bold small caps'  (b/sc) with NFSS spec.: 

LaTeX Font Info:    Font shape `TU/latinmodern-math.otf(1)/m/n' will be
(Font)              scaled to size 12.0314pt on input line 79.
LaTeX Font Info:    Encoding `OT1' has changed to `TU' for symbol font
(Font)              `operators' in the math version `normal' on input line 79.
LaTeX Font Info:    Overwriting symbol font `operators' in version `normal'
(Font)                  OT1/lmr/m/n --> TU/latinmodern-math.otf(1)/m/n on input line 79.
LaTeX Font Info:    Encoding `OT1' has changed to `TU' for symbol font
(Font)              `operators' in the math version `bold' on input line 79.
LaTeX Font Info:    Overwriting symbol font `operators' in version `bold'
(Font)                  OT1/lmr/bx/n --> TU/latinmodern-math.otf(1)/b/n on input line 79.

Package fontspec Info: latinmodern-math scale = 1.203139548468638.


Package fontspec Info: latinmodern-math scale = 1.203259862423485.


Package fontspec Info: latinmodern-math scale = 1.203139548468638.


Package fontspec Info: latinmodern-math scale = 1.203259862423485.


Package fontspec Info: latinmodern-math scale = 1.203139548468638.


Package fontspec Info: latinmodern-math scale = 1.203259862423485.


Package fontspec Info: latinmodern-math scale = 1.203139548468638.


Package fontspec Info: latinmodern-math scale = 1.203259862423485.


Package fontspec Info: latinmodern-math scale = 1.203139548468638.


Package fontspec Info: latinmodern-math scale = 1.203259862423485.


Package fontspec Info: Font family 'latinmodern-math.otf(2)' created for font
(fontspec)             'latinmodern-math.otf' with options
(fontspec)             [Scale=MatchLowercase,BoldItalicFont={},ItalicFont={},SmallCapsFont={},Script=Math,SizeFeatures={{Size=8.5-},{Size=6-8.5,Font=latinmodern-math.otf,Style=MathScript},{Size=-6,Font=latinmodern-math.otf,Style=MathScriptScript}},BoldFont={latinmodern-math.otf},ScaleAgain=1.0001,FontAdjustment={\fontdimen
(fontspec)             8\font =8.14526pt\relax \fontdimen 9\font
(fontspec)             =4.74037pt\relax \fontdimen 10\font =5.34195pt\relax
(fontspec)             \fontdimen 11\font =8.25354pt\relax \fontdimen 12\font
(fontspec)             =4.15083pt\relax \fontdimen 13\font =4.3674pt\relax
(fontspec)             \fontdimen 14\font =4.3674pt\relax \fontdimen 15\font
(fontspec)             =3.47708pt\relax \fontdimen 16\font =2.97176pt\relax
(fontspec)             \fontdimen 17\font =2.97176pt\relax \fontdimen 18\font
(fontspec)             =3.00786pt\relax \fontdimen 19\font =2.40628pt\relax
(fontspec)             \fontdimen 22\font =3.00786pt\relax \fontdimen 20\font
(fontspec)             =0pt\relax \fontdimen 21\font =0pt\relax }].
(fontspec)              
(fontspec)              This font family consists of the following NFSS
(fontspec)             series/shapes:
(fontspec)              
(fontspec)             - 'normal' (m/n) with NFSS spec.:
(fontspec)             <8.5->s*[1.203259862423485]"[latinmodern-math.otf]/OT:script=math;language=dflt;"<6-8.5>s*[1.203259862423485]"[latinmodern-math.otf]/OT:script=math;language=dflt;+ssty=0;"<-6>s*[1.203259862423485]"[latinmodern-math.otf]/OT:script=math;language=dflt;+ssty=1;"
(fontspec)             - 'small caps'  (m/sc) with NFSS spec.: 
(fontspec)             and font adjustment code:
(fontspec)             \fontdimen 8\font =8.14526pt\relax \fontdimen 9\font
(fontspec)             =4.74037pt\relax \fontdimen 10\font =5.34195pt\relax
(fontspec)             \fontdimen 11\font =8.25354pt\relax \fontdimen 12\font
(fontspec)             =4.15083pt\relax \fontdimen 13\font =4.3674pt\relax
(fontspec)             \fontdimen 14\font =4.3674pt\relax \fontdimen 15\font
(fontspec)             =3.47708pt\relax \fontdimen 16\font =2.97176pt\relax
(fontspec)             \fontdimen 17\font =2.97176pt\relax \fontdimen 18\font
(fontspec)             =3.00786pt\relax \fontdimen 19\font =2.40628pt\relax
(fontspec)             \fontdimen 22\font =3.00786pt\relax \fontdimen 20\font
(fontspec)             =0pt\relax \fontdimen 21\font =0pt\relax 
(fontspec)             - 'bold' (b/n) with NFSS spec.:
(fontspec)             <->s*[1.203259862423485]"[latinmodern-math.otf]/OT:script=math;language=dflt;"
(fontspec)             - 'bold small caps'  (b/sc) with NFSS spec.: 
(fontspec)             and font adjustment code:
(fontspec)             \fontdimen 8\font =8.14526pt\relax \fontdimen 9\font
(fontspec)             =4.74037pt\relax \fontdimen 10\font =5.34195pt\relax
(fontspec)             \fontdimen 11\font =8.25354pt\relax \fontdimen 12\font
(fontspec)             =4.15083pt\relax \fontdimen 13\font =4.3674pt\relax
(fontspec)             \fontdimen 14\font =4.3674pt\relax \fontdimen 15\font
(fontspec)             =3.47708pt\relax \fontdimen 16\font =2.97176pt\relax
(fontspec)             \fontdimen 17\font =2.97176pt\relax \fontdimen 18\font
(fontspec)             =3.00786pt\relax \fontdimen 19\font =2.40628pt\relax
(fontspec)             \fontdimen 22\font =3.00786pt\relax \fontdimen 20\font
(fontspec)             =0pt\relax \fontdimen 21\font =0pt\relax 

LaTeX Font Info:    Encoding `OMS' has changed to `TU' for symbol font
(Font)              `symbols' in the math version `normal' on input line 79.
LaTeX Font Info:    Overwriting symbol font `symbols' in version `normal'
(Font)                  OMS/lmsy/m/n --> TU/latinmodern-math.otf(2)/m/n on input line 79.
LaTeX Font Info:    Encoding `OMS' has changed to `TU' for symbol font
(Font)              `symbols' in the math version `bold' on input line 79.
LaTeX Font Info:    Overwriting symbol font `symbols' in version `bold'
(Font)                  OMS/lmsy/b/n --> TU/latinmodern-math.otf(2)/b/n on input line 79.

Package fontspec Info: latinmodern-math scale = 1.203139548468638.


Package fontspec Info: latinmodern-math scale = 1.203019234513791.


Package fontspec Info: latinmodern-math scale = 1.203139548468638.


Package fontspec Info: latinmodern-math scale = 1.203019234513791.


Package fontspec Info: latinmodern-math scale = 1.203139548468638.


Package fontspec Info: latinmodern-math scale = 1.203019234513791.


Package fontspec Info: latinmodern-math scale = 1.203139548468638.


Package fontspec Info: latinmodern-math scale = 1.203019234513791.


Package fontspec Info: latinmodern-math scale = 1.203139548468638.


Package fontspec Info: latinmodern-math scale = 1.203019234513791.


Package fontspec Info: Font family 'latinmodern-math.otf(3)' created for font
(fontspec)             'latinmodern-math.otf' with options
(fontspec)             [Scale=MatchLowercase,BoldItalicFont={},ItalicFont={},SmallCapsFont={},Script=Math,SizeFeatures={{Size=8.5-},{Size=6-8.5,Font=latinmodern-math.otf,Style=MathScript},{Size=-6,Font=latinmodern-math.otf,Style=MathScriptScript}},BoldFont={latinmodern-math.otf},ScaleAgain=0.9999,FontAdjustment={\fontdimen
(fontspec)             8\font =0.48126pt\relax \fontdimen 9\font
(fontspec)             =2.40628pt\relax \fontdimen 10\font =2.00925pt\relax
(fontspec)             \fontdimen 11\font =1.33548pt\relax \fontdimen 12\font
(fontspec)             =7.21884pt\relax \fontdimen 13\font =0pt\relax }].
(fontspec)              
(fontspec)              This font family consists of the following NFSS
(fontspec)             series/shapes:
(fontspec)              
(fontspec)             - 'normal' (m/n) with NFSS spec.:
(fontspec)             <8.5->s*[1.203019234513791]"[latinmodern-math.otf]/OT:script=math;language=dflt;"<6-8.5>s*[1.203019234513791]"[latinmodern-math.otf]/OT:script=math;language=dflt;+ssty=0;"<-6>s*[1.203019234513791]"[latinmodern-math.otf]/OT:script=math;language=dflt;+ssty=1;"
(fontspec)             - 'small caps'  (m/sc) with NFSS spec.: 
(fontspec)             and font adjustment code:
(fontspec)             \fontdimen 8\font =0.48126pt\relax \fontdimen 9\font
(fontspec)             =2.40628pt\relax \fontdimen 10\font =2.00925pt\relax
(fontspec)             \fontdimen 11\font =1.33548pt\relax \fontdimen 12\font
(fontspec)             =7.21884pt\relax \fontdimen 13\font =0pt\relax 
(fontspec)             - 'bold' (b/n) with NFSS spec.:
(fontspec)             <->s*[1.203019234513791]"[latinmodern-math.otf]/OT:script=math;language=dflt;"
(fontspec)             - 'bold small caps'  (b/sc) with NFSS spec.: 
(fontspec)             and font adjustment code:
(fontspec)             \fontdimen 8\font =0.48126pt\relax \fontdimen 9\font
(fontspec)             =2.40628pt\relax \fontdimen 10\font =2.00925pt\relax
(fontspec)             \fontdimen 11\font =1.33548pt\relax \fontdimen 12\font
(fontspec)             =7.21884pt\relax \fontdimen 13\font =0pt\relax 

LaTeX Font Info:    Encoding `OMX' has changed to `TU' for symbol font
(Font)              `largesymbols' in the math version `normal' on input line 79.
LaTeX Font Info:    Overwriting symbol font `largesymbols' in version `normal'
(Font)                  OMX/lmex/m/n --> TU/latinmodern-math.otf(3)/m/n on input line 79.
LaTeX Font Info:    Encoding `OMX' has changed to `TU' for symbol font
(Font)              `largesymbols' in the math version `bold' on input line 79.
LaTeX Font Info:    Overwriting symbol font `largesymbols' in version `bold'
(Font)                  OMX/lmex/m/n --> TU/latinmodern-math.otf(3)/b/n on input line 79.
*geometry* driver: auto-detecting
*geometry* detected driver: xetex
*geometry* verbose mode - [ preamble ] result:
* driver: xetex
* paper: <default>
* layout: <same size as paper>
* layoutoffset:(h,v)=(0.0pt,0.0pt)
* modes: 
* h-part:(L,W,R)=(22.76228pt, 568.77043pt, 22.76228pt)
* v-part:(T,H,B)=(22.76228pt, 749.44542pt, 22.76228pt)
* \paperwidth=614.295pt
* \paperheight=794.96999pt
* \textwidth=568.77043pt
* \textheight=749.44542pt
* \oddsidemargin=-49.5077pt
* \evensidemargin=-49.5077pt
* \topmargin=-86.5077pt
* \headheight=12.0pt
* \headsep=25.0pt
* \topskip=10.0pt
* \footskip=30.0pt
* \marginparwidth=65.0pt
* \marginparsep=11.0pt
* \columnsep=10.0pt
* \skip\footins=9.0pt plus 4.0pt minus 2.0pt
* \hoffset=0.0pt
* \voffset=0.0pt
* \mag=1000
* \@twocolumnfalse
* \@twosidefalse
* \@mparswitchfalse
* \@reversemarginfalse
* (1in=72.27pt=25.4mm, 1cm=28.453pt)

Package hyperref Info: Link coloring ON on input line 79.
\@outlinefile=\write3
\openout3 = `FluorescenceReport_20220825_134504.out'.


Package hyperref Warning: Rerun to get /PageLabels entry.

LaTeX Font Info:    Font shape `TU/Arial(0)/m/n' will be
(Font)              scaled to size 17.28pt on input line 81.
LaTeX Font Info:    Font shape `TU/Arial(0)/m/n' will be
(Font)              scaled to size 12.0pt on input line 81.
LaTeX Font Info:    Font shape `TU/latinmodern-math.otf(1)/m/n' will be
(Font)              scaled to size 14.43768pt on input line 81.
LaTeX Font Info:    Font shape `TU/latinmodern-math.otf(1)/m/n' will be
(Font)              scaled to size 9.62512pt on input line 81.
LaTeX Font Info:    Font shape `TU/latinmodern-math.otf(1)/m/n' will be
(Font)              scaled to size 7.21884pt on input line 81.
LaTeX Font Info:    Trying to load font information for OML+lmm on input line 81.
(c:/Users/nicwir/AppData/Roaming/TinyTeX/texmf-dist/tex/latex/lm/omllmm.fd
File: omllmm.fd 2015/05/01 v1.6.1 Font defs for Latin Modern
)
LaTeX Font Info:    Font shape `TU/latinmodern-math.otf(2)/m/n' will be
(Font)              scaled to size 14.43915pt on input line 81.
LaTeX Font Info:    Font shape `TU/latinmodern-math.otf(2)/m/n' will be
(Font)              scaled to size 9.6261pt on input line 81.
LaTeX Font Info:    Font shape `TU/latinmodern-math.otf(2)/m/n' will be
(Font)              scaled to size 7.21957pt on input line 81.
LaTeX Font Info:    Font shape `TU/latinmodern-math.otf(3)/m/n' will be
(Font)              scaled to size 14.43622pt on input line 81.
LaTeX Font Info:    Font shape `TU/latinmodern-math.otf(3)/m/n' will be
(Font)              scaled to size 9.62415pt on input line 81.
LaTeX Font Info:    Font shape `TU/latinmodern-math.otf(3)/m/n' will be
(Font)              scaled to size 7.21811pt on input line 81.
LaTeX Font Info:    Trying to load font information for U+msa on input line 81.
(c:/Users/nicwir/AppData/Roaming/TinyTeX/texmf-dist/tex/latex/amsfonts/umsa.fd
File: umsa.fd 2013/01/14 v3.01 AMS symbols A
)
LaTeX Font Info:    Trying to load font information for U+msb on input line 81.
(c:/Users/nicwir/AppData/Roaming/TinyTeX/texmf-dist/tex/latex/amsfonts/umsb.fd
File: umsb.fd 2013/01/14 v3.01 AMS symbols B
)
LaTeX Font Info:    Font shape `TU/Arial(0)/b/n' will be
(Font)              scaled to size 12.0pt on input line 83.
LaTeX Font Info:    Font shape `TU/Arial(0)/m/it' will be
(Font)              scaled to size 10.0pt on input line 85.

Underfull \hbox (badness 10000) in paragraph at lines 85--86

 []


Underfull \hbox (badness 3536) in paragraph at lines 87--134
\TU/Arial(0)/m/n/10 BCD10->GFP_Bz[], [](Val288)-BCD10->GFP_unind.[], []BCD1->GFP_2-FBz[], []BCD1->GFP_3-FBz[], []BCD1->GFP_3-mBz[], []BCD1-
 []


Underfull \hbox (badness 1264) in paragraph at lines 87--134
\TU/Arial(0)/m/n/10 >GFP_unind.[], []BCD10->GFP_2-FBz[], []BCD10->GFP_3-FBz[], []BCD10->GFP_3-mBz[], []BCD10->GFP_Bz[], []BCD10->GFP_unind.[],
 []


Underfull \hbox (badness 3657) in paragraph at lines 87--134
\TU/Arial(0)/m/n/10 >GFP_Bz[], []Pben-BCD10->GFP_unind.[], []PcatB-BCD10:GFP_2-FBz[], []PcatB-BCD10:GFP_2-FMA[], []PcatB-BCD10:GFP_3-FBz[],
 []


Underfull \hbox (badness 4886) in paragraph at lines 87--134
[]\TU/Arial(0)/m/n/10 PcatB-BCD10:GFP_3-mBz[], []PcatB-BCD10:GFP_Bz[], []PcatB-BCD10:GFP_ccMA[], []PcatB-BCD10:GFP_unind.[], []Pem7-BCD10-
 []


Underfull \hbox (badness 10000) in paragraph at lines 87--134

 []


Underfull \hbox (badness 10000) in paragraph at lines 135--139

 []

[1

]
File: C:/R_test/growth/Report_x-density/FluorescenceReport_20220825_134504_files/figure-latex/dual_plot_fl1-1.pdf Graphic file (type pdf)
<use C:/R_test/growth/Report_x-density/FluorescenceReport_20220825_134504_files/figure-latex/dual_plot_fl1-1.pdf>
File: C:/R_test/growth/Report_x-density/FluorescenceReport_20220825_134504_files/figure-latex/dual_plot_norm.fl1-1.pdf Graphic file (type pdf)
<use C:/R_test/growth/Report_x-density/FluorescenceReport_20220825_134504_files/figure-latex/dual_plot_norm.fl1-1.pdf>
[2]
File: C:/R_test/growth/Report_x-density/FluorescenceReport_20220825_134504_files/figure-latex/dual_plot_fl2-1.pdf Graphic file (type pdf)
<use C:/R_test/growth/Report_x-density/FluorescenceReport_20220825_134504_files/figure-latex/dual_plot_fl2-1.pdf>
[3]
File: C:/R_test/growth/Report_x-density/FluorescenceReport_20220825_134504_files/figure-latex/dual_plot_norm.fl2-1.pdf Graphic file (type pdf)
<use C:/R_test/growth/Report_x-density/FluorescenceReport_20220825_134504_files/figure-latex/dual_plot_norm.fl2-1.pdf>
[4] [5]
LaTeX Font Info:    Font shape `TU/Arial(0)/m/n' will be
(Font)              scaled to size 8.0pt on input line 214.
LaTeX Font Info:    Font shape `TU/latinmodern-math.otf(1)/m/n' will be
(Font)              scaled to size 6.0157pt on input line 219.
LaTeX Font Info:    Font shape `TU/latinmodern-math.otf(2)/m/n' will be
(Font)              scaled to size 6.01631pt on input line 219.
LaTeX Font Info:    Font shape `TU/latinmodern-math.otf(3)/m/n' will be
(Font)              scaled to size 6.01509pt on input line 219.
LaTeX Font Info:    Font shape `TU/Arial(0)/m/it' will be
(Font)              scaled to size 8.0pt on input line 222.

Package longtable Warning: Column widths have changed
(longtable)                in table 1 on input line 323.

[6]
File: C:/R_test/growth/Report_x-density/FluorescenceReport_20220825_134504_files/figure-latex/parameter_plot_linear-1.pdf Graphic file (type pdf)
<use C:/R_test/growth/Report_x-density/FluorescenceReport_20220825_134504_files/figure-latex/parameter_plot_linear-1.pdf>
File: C:/R_test/growth/Report_x-density/FluorescenceReport_20220825_134504_files/figure-latex/parameter_plot_linear-2.pdf Graphic file (type pdf)
<use C:/R_test/growth/Report_x-density/FluorescenceReport_20220825_134504_files/figure-latex/parameter_plot_linear-2.pdf>
File: C:/R_test/growth/Report_x-density/FluorescenceReport_20220825_134504_files/figure-latex/parameter_plot_linear-3.pdf Graphic file (type pdf)
<use C:/R_test/growth/Report_x-density/FluorescenceReport_20220825_134504_files/figure-latex/parameter_plot_linear-3.pdf>
[7] [8] [9]

Package longtable Warning: Column widths have changed
(longtable)                in table 2 on input line 440.

[10

]
File: C:/R_test/growth/Report_x-density/FluorescenceReport_20220825_134504_files/figure-latex/parameter_plot_spline-1.pdf Graphic file (type pdf)
<use C:/R_test/growth/Report_x-density/FluorescenceReport_20220825_134504_files/figure-latex/parameter_plot_spline-1.pdf>
File: C:/R_test/growth/Report_x-density/FluorescenceReport_20220825_134504_files/figure-latex/parameter_plot_spline-2.pdf Graphic file (type pdf)
<use C:/R_test/growth/Report_x-density/FluorescenceReport_20220825_134504_files/figure-latex/parameter_plot_spline-2.pdf>
File: C:/R_test/growth/Report_x-density/FluorescenceReport_20220825_134504_files/figure-latex/parameter_plot_spline-3.pdf Graphic file (type pdf)
<use C:/R_test/growth/Report_x-density/FluorescenceReport_20220825_134504_files/figure-latex/parameter_plot_spline-3.pdf>
[11] [12] [13]
LaTeX Font Info:    Font shape `TU/Arial(0)/b/n' will be
(Font)              scaled to size 10.0pt on input line 452.
File: ../../../../../../AppData/Local/Temp/RtmpyQ9TvK/Plots/PlotLinear_BCD1-_GFP_unind._1_0.pdf Graphic file (type pdf)
<use ../../../../../../AppData/Local/Temp/RtmpyQ9TvK/Plots/PlotLinear_BCD1-_GFP_unind._1_0.pdf>
File: ../../../../../../AppData/Local/Temp/RtmpyQ9TvK/Plots/PlotLinear_BCD2-_GFP_unind._1_0.pdf Graphic file (type pdf)
<use ../../../../../../AppData/Local/Temp/RtmpyQ9TvK/Plots/PlotLinear_BCD2-_GFP_unind._1_0.pdf>
File: ../../../../../../AppData/Local/Temp/RtmpyQ9TvK/Plots/PlotLinear_BCD7-_GFP_unind._1_0.pdf Graphic file (type pdf)
<use ../../../../../../AppData/Local/Temp/RtmpyQ9TvK/Plots/PlotLinear_BCD7-_GFP_unind._1_0.pdf>
File: ../../../../../../AppData/Local/Temp/RtmpyQ9TvK/Plots/PlotLinear_BCD10-_GFP_unind._1_0.pdf Graphic file (type pdf)
<use ../../../../../../AppData/Local/Temp/RtmpyQ9TvK/Plots/PlotLinear_BCD10-_GFP_unind._1_0.pdf>
File: ../../../../../../AppData/Local/Temp/RtmpyQ9TvK/Plots/PlotLinear__Thr45_-BCD10-_GFP_unind._1_0.pdf Graphic file (type pdf)
<use ../../../../../../AppData/Local/Temp/RtmpyQ9TvK/Plots/PlotLinear__Thr45_-BCD10-_GFP_unind._1_0.pdf>
File: ../../../../../../AppData/Local/Temp/RtmpyQ9TvK/Plots/PlotLinear__Val288_-BCD10-_GFP_unind._1_0.pdf Graphic file (type pdf)
<use ../../../../../../AppData/Local/Temp/RtmpyQ9TvK/Plots/PlotLinear__Val288_-BCD10-_GFP_unind._1_0.pdf>
File: ../../../../../../AppData/Local/Temp/RtmpyQ9TvK/Plots/PlotLinear_Pben-BCD10-_GFP_unind._1_0.pdf Graphic file (type pdf)
<use ../../../../../../AppData/Local/Temp/RtmpyQ9TvK/Plots/PlotLinear_Pben-BCD10-_GFP_unind._1_0.pdf>
File: ../../../../../../AppData/Local/Temp/RtmpyQ9TvK/Plots/PlotLinear_BCD10-_GFP_Bz_1_0.5.pdf Graphic file (type pdf)
<use ../../../../../../AppData/Local/Temp/RtmpyQ9TvK/Plots/PlotLinear_BCD10-_GFP_Bz_1_0.5.pdf>
File: ../../../../../../AppData/Local/Temp/RtmpyQ9TvK/Plots/PlotLinear_BCD10-_GFP_Bz_1_2.pdf Graphic file (type pdf)
<use ../../../../../../AppData/Local/Temp/RtmpyQ9TvK/Plots/PlotLinear_BCD10-_GFP_Bz_1_2.pdf>
File: ../../../../../../AppData/Local/Temp/RtmpyQ9TvK/Plots/PlotLinear_BCD10-_GFP_Bz_1_5.pdf Graphic file (type pdf)
<use ../../../../../../AppData/Local/Temp/RtmpyQ9TvK/Plots/PlotLinear_BCD10-_GFP_Bz_1_5.pdf>
File: ../../../../../../AppData/Local/Temp/RtmpyQ9TvK/Plots/PlotLinear_BCD1-_GFP_3-mBz_1_0.1.pdf Graphic file (type pdf)
<use ../../../../../../AppData/Local/Temp/RtmpyQ9TvK/Plots/PlotLinear_BCD1-_GFP_3-mBz_1_0.1.pdf>
File: ../../../../../../AppData/Local/Temp/RtmpyQ9TvK/Plots/PlotLinear_BCD2-_GFP_3-mBz_1_0.1.pdf Graphic file (type pdf)
<use ../../../../../../AppData/Local/Temp/RtmpyQ9TvK/Plots/PlotLinear_BCD2-_GFP_3-mBz_1_0.1.pdf>
File: ../../../../../../AppData/Local/Temp/RtmpyQ9TvK/Plots/PlotLinear_BCD7-_GFP_3-mBz_1_0.1.pdf Graphic file (type pdf)
<use ../../../../../../AppData/Local/Temp/RtmpyQ9TvK/Plots/PlotLinear_BCD7-_GFP_3-mBz_1_0.1.pdf>
File: ../../../../../../AppData/Local/Temp/RtmpyQ9TvK/Plots/PlotLinear__Thr45_-BCD10-_GFP_3-mBz_1_0.1.pdf Graphic file (type pdf)
<use ../../../../../../AppData/Local/Temp/RtmpyQ9TvK/Plots/PlotLinear__Thr45_-BCD10-_GFP_3-mBz_1_0.1.pdf>
File: ../../../../../../AppData/Local/Temp/RtmpyQ9TvK/Plots/PlotLinear__Val288_-BCD10-_GFP_3-mBz_1_0.1.pdf Graphic file (type pdf)
<use ../../../../../../AppData/Local/Temp/RtmpyQ9TvK/Plots/PlotLinear__Val288_-BCD10-_GFP_3-mBz_1_0.1.pdf>
File: ../../../../../../AppData/Local/Temp/RtmpyQ9TvK/Plots/PlotLinear_Pben-BCD10-_GFP_3-mBz_1_0.1.pdf Graphic file (type pdf)
<use ../../../../../../AppData/Local/Temp/RtmpyQ9TvK/Plots/PlotLinear_Pben-BCD10-_GFP_3-mBz_1_0.1.pdf>
File: ../../../../../../AppData/Local/Temp/RtmpyQ9TvK/Plots/PlotLinear__Thr45_-BCD10-_GFP_Bz_1_0.5.pdf Graphic file (type pdf)
<use ../../../../../../AppData/Local/Temp/RtmpyQ9TvK/Plots/PlotLinear__Thr45_-BCD10-_GFP_Bz_1_0.5.pdf>
File: ../../../../../../AppData/Local/Temp/RtmpyQ9TvK/Plots/PlotLinear__Thr45_-BCD10-_GFP_Bz_1_2.pdf Graphic file (type pdf)
<use ../../../../../../AppData/Local/Temp/RtmpyQ9TvK/Plots/PlotLinear__Thr45_-BCD10-_GFP_Bz_1_2.pdf>
File: ../../../../../../AppData/Local/Temp/RtmpyQ9TvK/Plots/PlotLinear__Thr45_-BCD10-_GFP_Bz_1_2.pdf Graphic file (type pdf)
<use ../../../../../../AppData/Local/Temp/RtmpyQ9TvK/Plots/PlotLinear__Thr45_-BCD10-_GFP_Bz_1_2.pdf>
File: ../../../../../../AppData/Local/Temp/RtmpyQ9TvK/Plots/PlotLinear_BCD1-_GFP_3-mBz_1_1.pdf Graphic file (type pdf)
<use ../../../../../../AppData/Local/Temp/RtmpyQ9TvK/Plots/PlotLinear_BCD1-_GFP_3-mBz_1_1.pdf>
File: ../../../../../../AppData/Local/Temp/RtmpyQ9TvK/Plots/PlotLinear_BCD2-_GFP_3-mBz_1_1.pdf Graphic file (type pdf)
<use ../../../../../../AppData/Local/Temp/RtmpyQ9TvK/Plots/PlotLinear_BCD2-_GFP_3-mBz_1_1.pdf>
File: ../../../../../../AppData/Local/Temp/RtmpyQ9TvK/Plots/PlotLinear_BCD7-_GFP_3-mBz_1_1.pdf Graphic file (type pdf)
<use ../../../../../../AppData/Local/Temp/RtmpyQ9TvK/Plots/PlotLinear_BCD7-_GFP_3-mBz_1_1.pdf>
File: ../../../../../../AppData/Local/Temp/RtmpyQ9TvK/Plots/PlotLinear_BCD10-_GFP_3-mBz_1_1.pdf Graphic file (type pdf)
<use ../../../../../../AppData/Local/Temp/RtmpyQ9TvK/Plots/PlotLinear_BCD10-_GFP_3-mBz_1_1.pdf>
File: ../../../../../../AppData/Local/Temp/RtmpyQ9TvK/Plots/PlotLinear__Thr45_-BCD10-_GFP_3-mBz_1_1.pdf Graphic file (type pdf)
<use ../../../../../../AppData/Local/Temp/RtmpyQ9TvK/Plots/PlotLinear__Thr45_-BCD10-_GFP_3-mBz_1_1.pdf>
File: ../../../../../../AppData/Local/Temp/RtmpyQ9TvK/Plots/PlotLinear__Val288_-BCD10-_GFP_3-mBz_1_1.pdf Graphic file (type pdf)
<use ../../../../../../AppData/Local/Temp/RtmpyQ9TvK/Plots/PlotLinear__Val288_-BCD10-_GFP_3-mBz_1_1.pdf>
File: ../../../../../../AppData/Local/Temp/RtmpyQ9TvK/Plots/PlotLinear__Val288_-BCD10-_GFP_Bz_1_0.5.pdf Graphic file (type pdf)
<use ../../../../../../AppData/Local/Temp/RtmpyQ9TvK/Plots/PlotLinear__Val288_-BCD10-_GFP_Bz_1_0.5.pdf>
File: ../../../../../../AppData/Local/Temp/RtmpyQ9TvK/Plots/PlotLinear__Val288_-BCD10-_GFP_Bz_1_2.pdf Graphic file (type pdf)
<use ../../../../../../AppData/Local/Temp/RtmpyQ9TvK/Plots/PlotLinear__Val288_-BCD10-_GFP_Bz_1_2.pdf>
File: ../../../../../../AppData/Local/Temp/RtmpyQ9TvK/Plots/PlotLinear__Val288_-BCD10-_GFP_Bz_1_5.pdf Graphic file (type pdf)
<use ../../../../../../AppData/Local/Temp/RtmpyQ9TvK/Plots/PlotLinear__Val288_-BCD10-_GFP_Bz_1_5.pdf>
File: ../../../../../../AppData/Local/Temp/RtmpyQ9TvK/Plots/PlotLinear_BCD2-_GFP_3-FBz_1_0.5.pdf Graphic file (type pdf)
<use ../../../../../../AppData/Local/Temp/RtmpyQ9TvK/Plots/PlotLinear_BCD2-_GFP_3-FBz_1_0.5.pdf>
File: ../../../../../../AppData/Local/Temp/RtmpyQ9TvK/Plots/PlotLinear_BCD10-_GFP_3-FBz_1_0.5.pdf Graphic file (type pdf)
<use ../../../../../../AppData/Local/Temp/RtmpyQ9TvK/Plots/PlotLinear_BCD10-_GFP_3-FBz_1_0.5.pdf>
File: ../../../../../../AppData/Local/Temp/RtmpyQ9TvK/Plots/PlotLinear__Thr45_-BCD10-_GFP_3-FBz_1_0.5.pdf Graphic file (type pdf)
<use ../../../../../../AppData/Local/Temp/RtmpyQ9TvK/Plots/PlotLinear__Thr45_-BCD10-_GFP_3-FBz_1_0.5.pdf>
File: ../../../../../../AppData/Local/Temp/RtmpyQ9TvK/Plots/PlotLinear__Val288_-BCD10-_GFP_3-FBz_1_0.5.pdf Graphic file (type pdf)
<use ../../../../../../AppData/Local/Temp/RtmpyQ9TvK/Plots/PlotLinear__Val288_-BCD10-_GFP_3-FBz_1_0.5.pdf>
File: ../../../../../../AppData/Local/Temp/RtmpyQ9TvK/Plots/PlotLinear_Pben-BCD10-_GFP_3-FBz_1_0.5.pdf Graphic file (type pdf)
<use ../../../../../../AppData/Local/Temp/RtmpyQ9TvK/Plots/PlotLinear_Pben-BCD10-_GFP_3-FBz_1_0.5.pdf>
File: ../../../../../../AppData/Local/Temp/RtmpyQ9TvK/Plots/PlotLinear_Pben-BCD10-_GFP_Bz_1_0.5.pdf Graphic file (type pdf)
<use ../../../../../../AppData/Local/Temp/RtmpyQ9TvK/Plots/PlotLinear_Pben-BCD10-_GFP_Bz_1_0.5.pdf>
File: ../../../../../../AppData/Local/Temp/RtmpyQ9TvK/Plots/PlotLinear_Pben-BCD10-_GFP_Bz_1_2.pdf Graphic file (type pdf)
<use ../../../../../../AppData/Local/Temp/RtmpyQ9TvK/Plots/PlotLinear_Pben-BCD10-_GFP_Bz_1_2.pdf>
File: ../../../../../../AppData/Local/Temp/RtmpyQ9TvK/Plots/PlotLinear_Pben-BCD10-_GFP_Bz_1_5.pdf Graphic file (type pdf)
<use ../../../../../../AppData/Local/Temp/RtmpyQ9TvK/Plots/PlotLinear_Pben-BCD10-_GFP_Bz_1_5.pdf>
File: ../../../../../../AppData/Local/Temp/RtmpyQ9TvK/Plots/PlotLinear_BCD2-_GFP_3-FBz_1_1.pdf Graphic file (type pdf)
<use ../../../../../../AppData/Local/Temp/RtmpyQ9TvK/Plots/PlotLinear_BCD2-_GFP_3-FBz_1_1.pdf>
File: ../../../../../../AppData/Local/Temp/RtmpyQ9TvK/Plots/PlotLinear_BCD7-_GFP_3-FBz_1_1.pdf Graphic file (type pdf)
<use ../../../../../../AppData/Local/Temp/RtmpyQ9TvK/Plots/PlotLinear_BCD7-_GFP_3-FBz_1_1.pdf>
File: ../../../../../../AppData/Local/Temp/RtmpyQ9TvK/Plots/PlotLinear_BCD10-_GFP_3-FBz_1_1.pdf Graphic file (type pdf)
<use ../../../../../../AppData/Local/Temp/RtmpyQ9TvK/Plots/PlotLinear_BCD10-_GFP_3-FBz_1_1.pdf>
File: ../../../../../../AppData/Local/Temp/RtmpyQ9TvK/Plots/PlotLinear__Thr45_-BCD10-_GFP_3-FBz_1_1.pdf Graphic file (type pdf)
<use ../../../../../../AppData/Local/Temp/RtmpyQ9TvK/Plots/PlotLinear__Thr45_-BCD10-_GFP_3-FBz_1_1.pdf>
File: ../../../../../../AppData/Local/Temp/RtmpyQ9TvK/Plots/PlotLinear__Val288_-BCD10-_GFP_3-FBz_1_1.pdf Graphic file (type pdf)
<use ../../../../../../AppData/Local/Temp/RtmpyQ9TvK/Plots/PlotLinear__Val288_-BCD10-_GFP_3-FBz_1_1.pdf>
File: ../../../../../../AppData/Local/Temp/RtmpyQ9TvK/Plots/PlotLinear_Pben-BCD10-_GFP_3-FBz_1_1.pdf Graphic file (type pdf)
<use ../../../../../../AppData/Local/Temp/RtmpyQ9TvK/Plots/PlotLinear_Pben-BCD10-_GFP_3-FBz_1_1.pdf>
File: ../../../../../../AppData/Local/Temp/RtmpyQ9TvK/Plots/PlotLinear_BCD1-_GFP_3-FBz_1_5.pdf Graphic file (type pdf)
<use ../../../../../../AppData/Local/Temp/RtmpyQ9TvK/Plots/PlotLinear_BCD1-_GFP_3-FBz_1_5.pdf>
File: ../../../../../../AppData/Local/Temp/RtmpyQ9TvK/Plots/PlotLinear_BCD2-_GFP_3-FBz_1_5.pdf Graphic file (type pdf)
<use ../../../../../../AppData/Local/Temp/RtmpyQ9TvK/Plots/PlotLinear_BCD2-_GFP_3-FBz_1_5.pdf>
File: ../../../../../../AppData/Local/Temp/RtmpyQ9TvK/Plots/PlotLinear_BCD7-_GFP_3-FBz_1_5.pdf Graphic file (type pdf)
<use ../../../../../../AppData/Local/Temp/RtmpyQ9TvK/Plots/PlotLinear_BCD7-_GFP_3-FBz_1_5.pdf>
File: ../../../../../../AppData/Local/Temp/RtmpyQ9TvK/Plots/PlotLinear_BCD10-_GFP_3-FBz_1_5.pdf Graphic file (type pdf)
<use ../../../../../../AppData/Local/Temp/RtmpyQ9TvK/Plots/PlotLinear_BCD10-_GFP_3-FBz_1_5.pdf>
File: ../../../../../../AppData/Local/Temp/RtmpyQ9TvK/Plots/PlotLinear__Thr45_-BCD10-_GFP_3-FBz_1_5.pdf Graphic file (type pdf)
<use ../../../../../../AppData/Local/Temp/RtmpyQ9TvK/Plots/PlotLinear__Thr45_-BCD10-_GFP_3-FBz_1_5.pdf>
File: ../../../../../../AppData/Local/Temp/RtmpyQ9TvK/Plots/PlotLinear__Val288_-BCD10-_GFP_3-FBz_1_5.pdf Graphic file (type pdf)
<use ../../../../../../AppData/Local/Temp/RtmpyQ9TvK/Plots/PlotLinear__Val288_-BCD10-_GFP_3-FBz_1_5.pdf>
File: ../../../../../../AppData/Local/Temp/RtmpyQ9TvK/Plots/PlotLinear_Pben-BCD10-_GFP_3-FBz_1_5.pdf Graphic file (type pdf)
<use ../../../../../../AppData/Local/Temp/RtmpyQ9TvK/Plots/PlotLinear_Pben-BCD10-_GFP_3-FBz_1_5.pdf>
File: ../../../../../../AppData/Local/Temp/RtmpyQ9TvK/Plots/PlotLinear_Ptac-BCD10-_GFP_1_NA.pdf Graphic file (type pdf)
<use ../../../../../../AppData/Local/Temp/RtmpyQ9TvK/Plots/PlotLinear_Ptac-BCD10-_GFP_1_NA.pdf>
File: ../../../../../../AppData/Local/Temp/RtmpyQ9TvK/Plots/PlotLinear_P14g-BCD10-_GFP_1_NA.pdf Graphic file (type pdf)
<use ../../../../../../AppData/Local/Temp/RtmpyQ9TvK/Plots/PlotLinear_P14g-BCD10-_GFP_1_NA.pdf>
File: ../../../../../../AppData/Local/Temp/RtmpyQ9TvK/Plots/PlotLinear_P14d-BCD10-_GFP_1_NA.pdf Graphic file (type pdf)
<use ../../../../../../AppData/Local/Temp/RtmpyQ9TvK/Plots/PlotLinear_P14d-BCD10-_GFP_1_NA.pdf>
File: ../../../../../../AppData/Local/Temp/RtmpyQ9TvK/Plots/PlotLinear_BCD2-_GFP_2-FBz_1_1.pdf Graphic file (type pdf)
<use ../../../../../../AppData/Local/Temp/RtmpyQ9TvK/Plots/PlotLinear_BCD2-_GFP_2-FBz_1_1.pdf>
File: ../../../../../../AppData/Local/Temp/RtmpyQ9TvK/Plots/PlotLinear_BCD7-_GFP_2-FBz_1_1.pdf Graphic file (type pdf)
<use ../../../../../../AppData/Local/Temp/RtmpyQ9TvK/Plots/PlotLinear_BCD7-_GFP_2-FBz_1_1.pdf>
File: ../../../../../../AppData/Local/Temp/RtmpyQ9TvK/Plots/PlotLinear_BCD10-_GFP_2-FBz_1_1.pdf Graphic file (type pdf)
<use ../../../../../../AppData/Local/Temp/RtmpyQ9TvK/Plots/PlotLinear_BCD10-_GFP_2-FBz_1_1.pdf>
File: ../../../../../../AppData/Local/Temp/RtmpyQ9TvK/Plots/PlotLinear__Thr45_-BCD10-_GFP_2-FBz_1_1.pdf Graphic file (type pdf)
<use ../../../../../../AppData/Local/Temp/RtmpyQ9TvK/Plots/PlotLinear__Thr45_-BCD10-_GFP_2-FBz_1_1.pdf>
File: ../../../../../../AppData/Local/Temp/RtmpyQ9TvK/Plots/PlotLinear__Val288_-BCD10-_GFP_2-FBz_1_1.pdf Graphic file (type pdf)
<use ../../../../../../AppData/Local/Temp/RtmpyQ9TvK/Plots/PlotLinear__Val288_-BCD10-_GFP_2-FBz_1_1.pdf>
File: ../../../../../../AppData/Local/Temp/RtmpyQ9TvK/Plots/PlotLinear_Pben-BCD10-_GFP_2-FBz_1_1.pdf Graphic file (type pdf)
<use ../../../../../../AppData/Local/Temp/RtmpyQ9TvK/Plots/PlotLinear_Pben-BCD10-_GFP_2-FBz_1_1.pdf>
File: ../../../../../../AppData/Local/Temp/RtmpyQ9TvK/Plots/PlotLinear_J23108-BCD10-_GFP_1_NA.pdf Graphic file (type pdf)
<use ../../../../../../AppData/Local/Temp/RtmpyQ9TvK/Plots/PlotLinear_J23108-BCD10-_GFP_1_NA.pdf>
File: ../../../../../../AppData/Local/Temp/RtmpyQ9TvK/Plots/PlotLinear_J23114-BCD10-_GFP_1_NA.pdf Graphic file (type pdf)
<use ../../../../../../AppData/Local/Temp/RtmpyQ9TvK/Plots/PlotLinear_J23114-BCD10-_GFP_1_NA.pdf>
File: ../../../../../../AppData/Local/Temp/RtmpyQ9TvK/Plots/PlotLinear_J23119-BCD10-_GFP_1_5.pdf Graphic file (type pdf)
<use ../../../../../../AppData/Local/Temp/RtmpyQ9TvK/Plots/PlotLinear_J23119-BCD10-_GFP_1_5.pdf>
File: ../../../../../../AppData/Local/Temp/RtmpyQ9TvK/Plots/PlotLinear_BCD1-_GFP_2-FBz_1_5.pdf Graphic file (type pdf)
<use ../../../../../../AppData/Local/Temp/RtmpyQ9TvK/Plots/PlotLinear_BCD1-_GFP_2-FBz_1_5.pdf>
File: ../../../../../../AppData/Local/Temp/RtmpyQ9TvK/Plots/PlotLinear_BCD2-_GFP_2-FBz_1_5.pdf Graphic file (type pdf)
<use ../../../../../../AppData/Local/Temp/RtmpyQ9TvK/Plots/PlotLinear_BCD2-_GFP_2-FBz_1_5.pdf>
File: ../../../../../../AppData/Local/Temp/RtmpyQ9TvK/Plots/PlotLinear_BCD7-_GFP_2-FBz_1_5.pdf Graphic file (type pdf)
<use ../../../../../../AppData/Local/Temp/RtmpyQ9TvK/Plots/PlotLinear_BCD7-_GFP_2-FBz_1_5.pdf>
File: ../../../../../../AppData/Local/Temp/RtmpyQ9TvK/Plots/PlotLinear_BCD10-_GFP_2-FBz_1_5.pdf Graphic file (type pdf)
<use ../../../../../../AppData/Local/Temp/RtmpyQ9TvK/Plots/PlotLinear_BCD10-_GFP_2-FBz_1_5.pdf>
File: ../../../../../../AppData/Local/Temp/RtmpyQ9TvK/Plots/PlotLinear__Thr45_-BCD10-_GFP_2-FBz_1_5.pdf Graphic file (type pdf)
<use ../../../../../../AppData/Local/Temp/RtmpyQ9TvK/Plots/PlotLinear__Thr45_-BCD10-_GFP_2-FBz_1_5.pdf>
File: ../../../../../../AppData/Local/Temp/RtmpyQ9TvK/Plots/PlotLinear__Val288_-BCD10-_GFP_2-FBz_1_5.pdf Graphic file (type pdf)
<use ../../../../../../AppData/Local/Temp/RtmpyQ9TvK/Plots/PlotLinear__Val288_-BCD10-_GFP_2-FBz_1_5.pdf>
File: ../../../../../../AppData/Local/Temp/RtmpyQ9TvK/Plots/PlotLinear_Pben-BCD10-_GFP_2-FBz_1_5.pdf Graphic file (type pdf)
<use ../../../../../../AppData/Local/Temp/RtmpyQ9TvK/Plots/PlotLinear_Pben-BCD10-_GFP_2-FBz_1_5.pdf>
File: ../../../../../../AppData/Local/Temp/RtmpyQ9TvK/Plots/PlotLinear_Pem7-BCD10-_GFP_1_NA.pdf Graphic file (type pdf)
<use ../../../../../../AppData/Local/Temp/RtmpyQ9TvK/Plots/PlotLinear_Pem7-BCD10-_GFP_1_NA.pdf>
[14

] [15] [16] [17] [18]
File: ../../../../../../AppData/Local/Temp/RtmpyQ9TvK/Plots/PlotSpline_BCD1-_GFP_unind._1_0.pdf Graphic file (type pdf)
<use ../../../../../../AppData/Local/Temp/RtmpyQ9TvK/Plots/PlotSpline_BCD1-_GFP_unind._1_0.pdf>
File: ../../../../../../AppData/Local/Temp/RtmpyQ9TvK/Plots/PlotSpline_BCD2-_GFP_unind._1_0.pdf Graphic file (type pdf)
<use ../../../../../../AppData/Local/Temp/RtmpyQ9TvK/Plots/PlotSpline_BCD2-_GFP_unind._1_0.pdf>
File: ../../../../../../AppData/Local/Temp/RtmpyQ9TvK/Plots/PlotSpline_BCD7-_GFP_unind._1_0.pdf Graphic file (type pdf)
<use ../../../../../../AppData/Local/Temp/RtmpyQ9TvK/Plots/PlotSpline_BCD7-_GFP_unind._1_0.pdf>
File: ../../../../../../AppData/Local/Temp/RtmpyQ9TvK/Plots/PlotSpline_BCD10-_GFP_unind._1_0.pdf Graphic file (type pdf)
<use ../../../../../../AppData/Local/Temp/RtmpyQ9TvK/Plots/PlotSpline_BCD10-_GFP_unind._1_0.pdf>
File: ../../../../../../AppData/Local/Temp/RtmpyQ9TvK/Plots/PlotSpline__Thr45_-BCD10-_GFP_unind._1_0.pdf Graphic file (type pdf)
<use ../../../../../../AppData/Local/Temp/RtmpyQ9TvK/Plots/PlotSpline__Thr45_-BCD10-_GFP_unind._1_0.pdf>
File: ../../../../../../AppData/Local/Temp/RtmpyQ9TvK/Plots/PlotSpline__Val288_-BCD10-_GFP_unind._1_0.pdf Graphic file (type pdf)
<use ../../../../../../AppData/Local/Temp/RtmpyQ9TvK/Plots/PlotSpline__Val288_-BCD10-_GFP_unind._1_0.pdf>
File: ../../../../../../AppData/Local/Temp/RtmpyQ9TvK/Plots/PlotSpline_Pben-BCD10-_GFP_unind._1_0.pdf Graphic file (type pdf)
<use ../../../../../../AppData/Local/Temp/RtmpyQ9TvK/Plots/PlotSpline_Pben-BCD10-_GFP_unind._1_0.pdf>
File: ../../../../../../AppData/Local/Temp/RtmpyQ9TvK/Plots/PlotSpline_BCD10-_GFP_Bz_1_0.5.pdf Graphic file (type pdf)
<use ../../../../../../AppData/Local/Temp/RtmpyQ9TvK/Plots/PlotSpline_BCD10-_GFP_Bz_1_0.5.pdf>
File: ../../../../../../AppData/Local/Temp/RtmpyQ9TvK/Plots/PlotSpline_BCD10-_GFP_Bz_1_2.pdf Graphic file (type pdf)
<use ../../../../../../AppData/Local/Temp/RtmpyQ9TvK/Plots/PlotSpline_BCD10-_GFP_Bz_1_2.pdf>
File: ../../../../../../AppData/Local/Temp/RtmpyQ9TvK/Plots/PlotSpline_BCD10-_GFP_Bz_1_5.pdf Graphic file (type pdf)
<use ../../../../../../AppData/Local/Temp/RtmpyQ9TvK/Plots/PlotSpline_BCD10-_GFP_Bz_1_5.pdf>
File: ../../../../../../AppData/Local/Temp/RtmpyQ9TvK/Plots/PlotSpline_BCD1-_GFP_3-mBz_1_0.1.pdf Graphic file (type pdf)
<use ../../../../../../AppData/Local/Temp/RtmpyQ9TvK/Plots/PlotSpline_BCD1-_GFP_3-mBz_1_0.1.pdf>
File: ../../../../../../AppData/Local/Temp/RtmpyQ9TvK/Plots/PlotSpline_BCD2-_GFP_3-mBz_1_0.1.pdf Graphic file (type pdf)
<use ../../../../../../AppData/Local/Temp/RtmpyQ9TvK/Plots/PlotSpline_BCD2-_GFP_3-mBz_1_0.1.pdf>
File: ../../../../../../AppData/Local/Temp/RtmpyQ9TvK/Plots/PlotSpline_BCD7-_GFP_3-mBz_1_0.1.pdf Graphic file (type pdf)
<use ../../../../../../AppData/Local/Temp/RtmpyQ9TvK/Plots/PlotSpline_BCD7-_GFP_3-mBz_1_0.1.pdf>
File: ../../../../../../AppData/Local/Temp/RtmpyQ9TvK/Plots/PlotSpline_BCD10-_GFP_3-mBz_1_0.1.pdf Graphic file (type pdf)
<use ../../../../../../AppData/Local/Temp/RtmpyQ9TvK/Plots/PlotSpline_BCD10-_GFP_3-mBz_1_0.1.pdf>
File: ../../../../../../AppData/Local/Temp/RtmpyQ9TvK/Plots/PlotSpline__Thr45_-BCD10-_GFP_3-mBz_1_0.1.pdf Graphic file (type pdf)
<use ../../../../../../AppData/Local/Temp/RtmpyQ9TvK/Plots/PlotSpline__Thr45_-BCD10-_GFP_3-mBz_1_0.1.pdf>
File: ../../../../../../AppData/Local/Temp/RtmpyQ9TvK/Plots/PlotSpline__Val288_-BCD10-_GFP_3-mBz_1_0.1.pdf Graphic file (type pdf)
<use ../../../../../../AppData/Local/Temp/RtmpyQ9TvK/Plots/PlotSpline__Val288_-BCD10-_GFP_3-mBz_1_0.1.pdf>
File: ../../../../../../AppData/Local/Temp/RtmpyQ9TvK/Plots/PlotSpline_Pben-BCD10-_GFP_3-mBz_1_0.1.pdf Graphic file (type pdf)
<use ../../../../../../AppData/Local/Temp/RtmpyQ9TvK/Plots/PlotSpline_Pben-BCD10-_GFP_3-mBz_1_0.1.pdf>
File: ../../../../../../AppData/Local/Temp/RtmpyQ9TvK/Plots/PlotSpline__Thr45_-BCD10-_GFP_Bz_1_0.5.pdf Graphic file (type pdf)
<use ../../../../../../AppData/Local/Temp/RtmpyQ9TvK/Plots/PlotSpline__Thr45_-BCD10-_GFP_Bz_1_0.5.pdf>
! Unable to load picture or PDF file '../../../../../../AppData/Local/Temp/RtmpyQ9TvK/Plots/PlotSpline__Thr45_-BCD10-_GFP_Bz_1_2.pdf'.
<to be read again> 
                   }
l.546 ...ots/PlotSpline__Thr45_-BCD10-_GFP_Bz_1_2}
                                                   
Here is how much of TeX's memory you used:
 18316 strings out of 477855
 412587 string characters out of 5845052
 888215 words of memory out of 5000000
 38896 multiletter control sequences out of 15000+600000
 473896 words of font info for 77 fonts, out of 8000000 for 9000
 14 hyphenation exceptions out of 8191
 86i,13n,122p,373b,485s stack positions out of 10000i,1000n,20000p,200000b,200000s

Output written on FluorescenceReport_20220825_134504.pdf (18 pages).
